\BOOKMARK [1][-]{section.1}{\376\377\225\356\230\230\143\317\217\360}{}% 1
\BOOKMARK [1][-]{section.2}{\376\377\122\115\177\156\176\246\133\232}{}% 2
\BOOKMARK [2][-]{subsection.2.1}{\376\377\133\232\116\111}{section.2}% 3
\BOOKMARK [2][-]{subsection.2.2}{\376\377\127\372\147\054\116\213\133\236}{section.2}% 4
\BOOKMARK [2][-]{subsection.2.3}{\376\377\137\025\164\006}{section.2}% 5
\BOOKMARK [1][-]{section.3}{\376\377\173\227\154\325\213\276\213\241\000:\000\040\147\064\175\040\116\214\122\006\154\325}{}% 6
\BOOKMARK [2][-]{subsection.3.1}{\376\377\122\115\143\320\121\306\131\007}{section.3}% 7
\BOOKMARK [2][-]{subsection.3.2}{\376\377\173\227\154\325\155\101\172\013}{section.3}% 8
\BOOKMARK [2][-]{subsection.3.3}{\376\377\145\160\120\074\232\214\213\301}{section.3}% 9
\BOOKMARK [1][-]{section.4}{\376\377\173\227\154\325\213\276\213\241\377\032\000S\000t\000u\000r\000m\000-\000N\000e\000w\000t\000o\000n\173\227\154\325}{}% 10
\BOOKMARK [2][-]{subsection.4.1}{\376\377\122\115\143\320\121\306\131\007}{section.4}% 11
\BOOKMARK [2][-]{subsection.4.2}{\376\377\173\227\154\325\155\101\172\013}{section.4}% 12
\BOOKMARK [2][-]{subsection.4.3}{\376\377\164\006\213\272\213\301\146\016}{section.4}% 13
\BOOKMARK [2][-]{subsection.4.4}{\376\377\145\160\120\074\232\214\213\301}{section.4}% 14
\BOOKMARK [1][-]{section.5}{\376\377\173\227\154\325\213\276\213\241\377\032\127\372\116\216\173\033\123\141\134\024\173\046\123\367\211\304\122\031\166\204\133\236\150\071\122\006\171\273}{}% 15
\BOOKMARK [2][-]{subsection.5.1}{\376\377\122\115\143\320\121\306\131\007}{section.5}% 16
\BOOKMARK [3][-]{subsubsection.5.1.1}{\376\377\221\315\150\071\166\204\131\004\164\006}{subsection.5.1}% 17
\BOOKMARK [3][-]{subsubsection.5.1.2}{\376\377\133\236\150\071\122\006\171\273}{subsection.5.1}% 18
\BOOKMARK [2][-]{subsection.5.2}{\376\377\173\227\154\325\155\101\172\013}{section.5}% 19
\BOOKMARK [3][-]{subsubsection.5.2.1}{\376\377\133\236\150\071\122\006\171\273\173\227\154\325\000-\000V\000A\000S\000\040\154\325}{subsection.5.2}% 20
\BOOKMARK [3][-]{subsubsection.5.2.2}{\376\377\133\236\150\071\122\006\171\273\173\227\154\325\000-\116\214\122\006\154\325}{subsection.5.2}% 21
\BOOKMARK [2][-]{subsection.5.3}{\376\377\164\006\213\272\213\301\146\016}{section.5}% 22
\BOOKMARK [1][-]{section.6}{\376\377\133\371\124\004\173\227\154\325\166\204\217\333\116\000\153\145\117\030\123\026}{}% 23
\BOOKMARK [2][-]{subsection.6.1}{\376\377\174\276\136\246\117\030\123\026}{section.6}% 24
\BOOKMARK [2][-]{subsection.6.2}{\376\377\145\110\163\207\117\030\123\026}{section.6}% 25
\BOOKMARK [1][-]{section.7}{\376\377\145\160\120\074\232\214\213\301\116\016\173\227\154\325\145\071\217\333}{}% 26
\BOOKMARK [2][-]{subsection.7.1}{\376\377\150\071\153\143\140\001\122\006\136\003\166\204\131\032\230\171\137\017}{section.7}% 27
\BOOKMARK [2][-]{subsection.7.2}{\376\377\137\142\140\001\146\364\121\150\227\142\166\204\131\032\230\171\137\017}{section.7}% 28
\BOOKMARK [2][-]{subsection.7.3}{\376\377\155\113\213\325\116\016\145\071\217\333}{section.7}% 29
\BOOKMARK [1][-]{section.8}{\376\377\140\073\176\323}{}% 30
