******* AUTOMATIC TEST *******
-------- Result #1 --------
Calculated roots:
-1.43822 -0.910654 -0.844448 -0.743005 -0.600246 -0.0570885 0.106844 0.49008 0.992327 
Exact roots:
-1.43822 -0.910655 -0.844453 -0.743001 -0.600247 -0.0570855 0.0187824 0.0187824 0.106847 0.197466 0.197466 0.490085 0.992328 

-------- Result #2 --------
Calculated roots:
-0.950011 -0.635292 -0.191792 0.686195 1.43488 
Exact roots:
-0.950009 -0.635293 -0.191795 0.686196 0.939871 0.939871 1.43488 

-------- Result #3 --------
Calculated roots:
-0.562417 -0.561932 0.0507825 0.866764 0.875715 0.993807 1.15322 1.17015 1.43091 2.15916 
Exact roots:
-0.562178 -0.562178 -0.562178 -0.562178 -0.394832 -0.394832 0.0507787 0.866763 0.875715 0.99381 1.15322 1.17015 1.43091 2.15916 

-------- Result #4 --------
Calculated roots:
1.07081 
Exact roots:
1.07821 1.07821 1.07821 1.07821 1.07821 1.07821 1.07821 1.07821 

-------- Result #5 --------
Calculated roots:
0.426456 
Exact roots:
0.426447 0.426447 

-------- Result #6 --------
Calculated roots:
-2.58728 -2.22996 -1.72167 -0.938589 -0.723475 -0.719129 -0.615495 -0.533467 -0.297158 -0.290157 -0.187415 0.132036 0.218187 0.845109 0.930127 2.20588 
Exact roots:
-2.58728 -2.22996 -1.72167 -0.93859 -0.723476 -0.719129 -0.615494 -0.533467 -0.297159 -0.290158 -0.187417 0.132034 0.218188 0.662422 0.662874 0.84511 0.930125 1.9207 1.9207 2.20589 

-------- Result #7 --------
Calculated roots:
-1.02379 -0.561518 -0.349313 -0.118067 -0.00926235 0.00967098 0.0845523 0.356597 0.436842 0.527052 0.556163 0.711063 0.735622 0.824532 0.95416 1.28882 1.29624 1.55144 
Exact roots:
-1.02379 -1.02314 -0.561516 -0.349316 -0.118069 -0.00926587 0.00966887 0.0845525 0.356598 0.436841 0.527051 0.556165 0.711059 0.735621 0.824533 0.954159 1.28882 1.29624 1.55144 

-------- Result #8 --------
Calculated roots:
-1.20597 -1.191 -0.812127 -0.603824 -0.554003 -0.54651 -0.426267 -0.183857 0.0916062 0.166523 0.395824 0.519721 0.71428 0.771269 0.914767 0.935398 
Exact roots:
-1.20597 -1.191 -0.812126 -0.603826 -0.554006 -0.546515 -0.426269 -0.18386 0.091608 0.166521 0.395821 0.519719 0.714283 0.771267 0.914769 0.9354 

-------- Result #9 --------
Calculated roots:
-0.369031 -0.259801 0.308899 0.545406 0.705531 1.31082 
Exact roots:
-0.369014 -0.369014 -0.369014 -0.259811 -0.259811 -0.259811 -0.0169179 -0.0169179 0.308739 0.308739 0.308739 0.308739 0.308739 0.423821 0.423821 0.545409 0.70551 0.70551 0.70551 1.31082 

-------- Result #10 --------
Calculated roots:
0.379958 
Exact roots:
0.380095 0.380095 0.380095 0.380095 0.380095 

-------- Result #11 --------
Calculated roots:
-0.156685 0.804502 1.21311 2.42482 
Exact roots:
-0.624254 -0.624254 -0.156685 0.804503 1.21313 1.21313 1.21313 2.42477 2.42477 2.42477 

-------- Result #12 --------
Calculated roots:
-0.930381 -0.849622 
Exact roots:
-0.889716 -0.889716 -0.889716 -0.889716 -0.889716 -0.889716 -0.889716 -0.889716 -0.889716 -0.889716 

-------- Result #13 --------
Calculated roots:
-0.660838 
Exact roots:
-0.660911 -0.660911 -0.660911 -0.660911 

-------- Result #14 --------
Calculated roots:
-1.16633 -0.432149 -0.0273462 0.228954 0.270013 0.849568 0.975569 
Exact roots:
-1.16633 -0.432147 -0.124308 -0.0273444 0.0116038 0.0128134 0.189234 0.195502 0.228954 0.270014 0.849568 0.872289 0.975571 

-------- Result #15 --------
Calculated roots:
0.0138889 
Exact roots:
0.0108561 0.0108561 0.0108561 0.0108561 0.0108561 0.0108561 0.0108561 0.0108561 0.0108561 0.0108561 0.0108561 0.0108561 

-------- Result #16 --------
Calculated roots:
0.800665 1.11637 
Exact roots:
-0.481351 -0.481351 0.800668 1.11637 

-------- Result #17 --------
Calculated roots:
0.647263 
Exact roots:
0.64726 

-------- Result #18 --------
Calculated roots:
-0.80864 -0.697821 -0.436742 -0.416715 -0.257344 0.206144 0.338689 1.88784 
Exact roots:
-0.808643 -0.697819 -0.436744 -0.416712 -0.257343 -0.223088 0.206142 0.338688 1.88784 

-------- Result #19 --------
Calculated roots:
0.145712 
Exact roots:
0.144122 0.144122 0.144122 0.144122 0.144122 0.144122 0.144122 2.12031 2.12031 

-------- Result #20 --------
Calculated roots:
-1.09567 0.0414763 
Exact roots:
-1.39345 -1.39345 -1.39345 -1.39345 -1.39345 -1.39345 -1.39345 -1.39345 -1.13467 -1.13467 -1.13467 -1.13467 -1.13467 0.04153 0.04153 0.04153 0.04153 0.04153 0.04153 0.04153 

-------- Result #21 --------
Calculated roots:

Exact roots:
-1.65218 -1.65218 -1.65218 -1.65218 -1.65218 -1.65218 -1.65218 -1.65218 -1.65218 -1.65218 -1.65218 -1.65218 -1.65218 -1.65218 -1.65218 -1.65218 -1.65218 -1.65218 

-------- Result #22 --------
Calculated roots:
-1.53761 -0.675748 -0.537995 -0.469728 -0.15436 -0.099398 -0.0291476 0.125148 0.37563 0.442448 0.973584 1.51486 
Exact roots:
-1.53761 -1.10615 -1.10615 -0.675749 -0.537993 -0.469727 -0.15436 -0.0993995 -0.0291501 0.125148 0.306577 0.306577 0.375631 0.442444 0.973581 1.51487 

-------- Result #23 --------
Calculated roots:
-1.28015 0.390441 0.429302 0.789538 0.78967 0.789892 0.789926 
Exact roots:
-1.28015 0.390438 0.390438 0.390438 0.429301 0.78977 0.78977 0.78977 0.78977 

-------- Result #24 --------
Calculated roots:
-1.17563 0.580122 
Exact roots:
-1.17799 -1.17799 -1.17799 -1.17799 -1.17799 -0.863436 -0.863436 0.467474 0.467474 0.580159 0.580159 0.580159 0.968739 0.968739 0.968739 0.995671 0.995671 0.995671 

-------- Result #25 --------
Calculated roots:
-0.121086 
Exact roots:
-0.129586 -0.129586 -0.129586 -0.129586 -0.129586 -0.129586 -0.129586 -0.129586 -0.129586 -0.129586 -0.129586 -0.129586 -0.129586 

-------- Result #26 --------
Calculated roots:
0.230927 
Exact roots:
0.230931 0.230931 0.230931 

-------- Result #27 --------
Calculated roots:
0.154449 
Exact roots:
0.154443 

-------- Result #28 --------
Calculated roots:
-1.45657 -1.41474 -0.334343 -0.116435 0.493028 1.3964 1.55515 1.55598 
Exact roots:
-1.45657 -1.41473 -0.334343 -0.116432 0.0346849 0.0346849 0.434588 0.434588 0.493028 1.39641 1.55559 1.55559 1.55559 1.55559 

-------- Result #29 --------
Calculated roots:
-0.259863 
Exact roots:
-0.260727 -0.260727 -0.260727 -0.260727 -0.260727 -0.260727 -0.260727 

-------- Result #30 --------
Calculated roots:
-1.01861 -0.579752 0.33792 0.631189 
Exact roots:
-1.26221 -1.26221 -1.01861 -0.57975 0.2155 0.2155 0.337923 0.631186 1.94204 1.94204 

-------- Result #31 --------
Calculated roots:
-0.711685 0.873609 
Exact roots:
-0.711684 0.873612 0.873612 0.873612 

-------- Result #32 --------
Calculated roots:
-0.283587 
Exact roots:
-0.352471 -0.352471 -0.352471 -0.352471 -0.352471 -0.352471 -0.352471 -0.352471 -0.352471 -0.352471 -0.352471 -0.352471 -0.352471 -0.352471 -0.352471 -0.352471 -0.352471 -0.352471 -0.352471 

-------- Result #33 --------
Calculated roots:
-0.527985 
Exact roots:
-0.52798 -0.52798 

-------- Result #34 --------
Calculated roots:
-0.494116 -0.15748 -0.0360717 0.285049 
Exact roots:
-0.494108 -0.494108 -0.494108 -0.157483 -0.157483 -0.157483 -0.0360742 0.0604645 0.0604645 0.285047 

-------- Result #35 --------
Calculated roots:
2.21245 
Exact roots:
2.21246 2.21246 

-------- Result #36 --------
Calculated roots:
-1.40878 -1.40873 -1.4077 -1.40578 -1.4039 
Exact roots:
-1.40393 -1.40393 -1.40393 -1.40393 -1.40393 -1.40393 

-------- Result #37 --------
Calculated roots:
0.180417 1.41017 
Exact roots:
-1.36982 -1.36982 0.180416 0.180416 0.180416 1.41017 1.41017 1.41017 

-------- Result #38 --------
Calculated roots:
0.762837 0.762889 0.762941 0.763015 
Exact roots:
0.762955 0.762955 0.762955 0.762955 

-------- Result #39 --------
Calculated roots:
-0.998665 -0.99407 
Exact roots:
-0.997198 -0.997198 -0.997198 -0.997198 -0.997198 -0.997198 

-------- Result #40 --------
Calculated roots:
0.176569 
Exact roots:
0.17708 0.17708 0.17708 0.17708 0.17708 0.17708 0.17708 

-------- Result #41 --------
Calculated roots:
-2.48223 0.442653 0.642958 
Exact roots:
-2.48223 -0.506068 -0.506068 -0.257599 -0.257599 0.16267 0.16267 0.442656 0.642957 0.642957 0.642957 

-------- Result #42 --------
Calculated roots:
-1.34679 -0.803901 -0.78818 0.00243832 0.761139 
Exact roots:
-1.34679 -0.803903 -0.788178 -0.328854 -0.328854 0.00243583 0.761138 

-------- Result #43 --------
Calculated roots:
-2.03552 -0.314071 
Exact roots:
-2.0355 -2.0355 -2.0355 -0.31407 0.00540944 0.00540944 0.854039 0.854039 0.991403 0.991403 

-------- Result #44 --------
Calculated roots:
0.582261 0.596929 0.701455 0.968976 
Exact roots:
0.744561 0.744561 0.744561 0.744561 0.744561 0.744561 0.744561 0.744561 0.744561 0.744561 0.744561 0.744561 0.744561 0.744561 0.744561 0.744561 0.744561 0.744561 0.744561 0.744561 

-------- Result #45 --------
Calculated roots:
-2.19775 -1.45394 -0.832159 -0.429054 -0.423174 -0.408029 -0.294537 -0.218466 -0.110509 0.0238535 0.451031 1.26346 1.31074 1.56248 
Exact roots:
-2.19775 -1.61005 -1.54307 -1.45393 -0.83216 -0.429052 -0.423175 -0.408027 -0.294533 -0.218463 -0.11051 0.0238503 0.451028 0.544997 0.544997 1.26346 1.31074 1.56248 

-------- Result #46 --------
Calculated roots:
1.04695 1.15941 1.5507 
Exact roots:
1.04695 1.15941 1.5507 

-------- Result #47 --------
Calculated roots:
-2.33225 -1.86532 -1.10605 -0.839343 -0.0318208 0.131604 0.13472 1.1242 1.2535 
Exact roots:
-2.33225 -1.86532 -1.10604 -0.839341 -0.600155 -0.556391 -0.551289 -0.521037 -0.263916 -0.131801 -0.0318224 0.131603 0.134721 1.1242 1.2535 

-------- Result #48 --------
Calculated roots:
-0.561093 -0.521389 -0.134864 -0.0682346 1.62283 2.16843 
Exact roots:
-0.752678 -0.752678 -0.561038 -0.561038 -0.561038 -0.521386 -0.134866 -0.0682358 -0.0682358 -0.0682358 0.135478 0.135478 0.135478 0.135478 0.417277 0.417277 1.62283 2.16842 2.16842 2.16842 

-------- Result #49 --------
Calculated roots:
-1.03063 0.897344 
Exact roots:
-1.03063 0.545677 0.545677 0.551125 0.551125 0.551125 0.551125 0.898186 0.898186 0.898186 0.898186 0.898186 

-------- Result #50 --------
Calculated roots:
-2.4264 -1.38285 -1.35731 -1.06563 -0.941639 -0.450003 -0.43308 -0.190685 0.622842 0.6757 1.41682 1.83879 
Exact roots:
-2.4264 -1.38286 -1.35731 -1.06563 -0.941636 -0.450002 -0.433028 -0.433028 -0.433028 -0.190682 -0.00171108 -0.00171108 0.386807 0.386807 0.622839 0.675698 1.41682 1.83879 

******* DONE *******
